{
  "stats": {
    "suites": 1,
    "tests": 1,
    "passes": 0,
    "pending": 0,
    "failures": 1,
    "start": "2020-06-16T00:26:03.273Z",
    "end": "2020-06-16T00:26:04.135Z",
    "duration": 862,
    "testsRegistered": 1,
    "passPercent": 0,
    "pendingPercent": 0,
    "other": 0,
    "hasOther": false,
    "skipped": 0,
    "hasSkipped": false
  },
  "results": [
    {
      "uuid": "f0c3558b-e1b7-4324-ac8c-496530a83adc",
      "title": "",
      "fullFile": "cypress\\integration\\react.feature",
      "file": "cypress\\integration\\react.feature",
      "beforeHooks": [],
      "afterHooks": [],
      "tests": [],
      "suites": [
        {
          "uuid": "980991d1-d7f6-4748-b1ed-94a446046641",
          "title": "Ingresar a la pagina REACT",
          "fullFile": "",
          "file": "",
          "beforeHooks": [],
          "afterHooks": [],
          "tests": [
            {
              "title": "React Login",
              "fullTitle": "Ingresar a la pagina REACT React Login",
              "timedOut": null,
              "duration": 743,
              "state": "failed",
              "speed": null,
              "pass": false,
              "fail": true,
              "pending": false,
              "context": null,
              "code": "const state = window.testState;\nreturn cy\n  .then(() => state.onStartScenario(scenario, indexedSteps))\n  .then(() =>\n    resolveAndRunBeforeHooks.call(this, scenario.tags, state.feature.name)\n  )\n  .then(() =>\n    indexedSteps.forEach(step =>\n      stepTest.call(this, state, step, rowData)\n    )\n  )\n  .then(() =>\n    resolveAndRunAfterHooks.call(this, scenario.tags, state.feature.name)\n  )\n  .then(() => state.onFinishScenario(scenario));",
              "err": {
                "message": "Error: Step implementation missing for: que Yeison quiere ingresar a la pagina de React",
                "estack": "Error: Step implementation missing for: que Yeison quiere ingresar a la pagina de React\n    at Context.resolveAndRunStepDefinition (http://localhost:50159/__cypress/tests?p=cypress\\integration\\react.feature:12240:11)\n    at Context.eval (http://localhost:50159/__cypress/tests?p=cypress\\integration\\react.feature:11579:35)",
                "diff": null
              },
              "uuid": "53029625-f001-4289-8f3c-24f4a8d57ecf",
              "parentUUID": "980991d1-d7f6-4748-b1ed-94a446046641",
              "isHook": false,
              "skipped": false
            }
          ],
          "suites": [],
          "passes": [],
          "failures": [
            "53029625-f001-4289-8f3c-24f4a8d57ecf"
          ],
          "pending": [],
          "skipped": [],
          "duration": 743,
          "root": false,
          "rootEmpty": false,
          "_timeout": 2000
        }
      ],
      "passes": [],
      "failures": [],
      "pending": [],
      "skipped": [],
      "duration": 0,
      "root": true,
      "rootEmpty": true,
      "_timeout": 2000
    }
  ],
  "meta": {
    "mocha": {
      "version": "7.0.1"
    },
    "mochawesome": {
      "options": {
        "quiet": false,
        "reportFilename": "mochawesome",
        "saveHtml": false,
        "saveJson": true,
        "consoleReporter": "spec",
        "useInlineDiffs": false,
        "code": true
      },
      "version": "6.1.1"
    },
    "marge": {
      "options": {
        "id": "default",
        "reportDir": "cypress/reports/mocha",
        "quite": true,
        "overwrite": false,
        "html": false,
        "json": true
      },
      "version": "5.1.0"
    }
  }
}