{
  "stats": {
    "suites": 1,
    "tests": 1,
    "passes": 0,
    "pending": 0,
    "failures": 1,
    "start": "2020-06-15T19:31:04.045Z",
    "end": "2020-06-15T19:31:12.477Z",
    "duration": 8432,
    "testsRegistered": 1,
    "passPercent": 0,
    "pendingPercent": 0,
    "other": 0,
    "hasOther": false,
    "skipped": 0,
    "hasSkipped": false
  },
  "results": [
    {
      "uuid": "b19c3c7b-e302-46b7-b808-0a0ece224abf",
      "title": "",
      "fullFile": "cypress\\integration\\features\\colorlib.feature",
      "file": "cypress\\integration\\features\\colorlib.feature",
      "beforeHooks": [],
      "afterHooks": [],
      "tests": [],
      "suites": [
        {
          "uuid": "b1486ae1-bd1d-42c9-94d6-2f1958a9c7bf",
          "title": "Colorlib",
          "fullFile": "",
          "file": "",
          "beforeHooks": [],
          "afterHooks": [],
          "tests": [
            {
              "title": "Colorlib Login",
              "fullTitle": "Colorlib Colorlib Login",
              "timedOut": null,
              "duration": 8033,
              "state": "failed",
              "speed": null,
              "pass": false,
              "fail": true,
              "pending": false,
              "context": null,
              "code": "const state = window.testState;\nreturn cy\n  .then(() => state.onStartScenario(scenario, indexedSteps))\n  .then(() =>\n    resolveAndRunBeforeHooks.call(this, scenario.tags, state.feature.name)\n  )\n  .then(() =>\n    indexedSteps.forEach(step =>\n      stepTest.call(this, state, step, rowData)\n    )\n  )\n  .then(() =>\n    resolveAndRunAfterHooks.call(this, scenario.tags, state.feature.name)\n  )\n  .then(() => state.onFinishScenario(scenario));",
              "err": {
                "message": "Error: Step implementation missing for: I open Colorlib page",
                "estack": "Error: Step implementation missing for: I open Colorlib page\n    at Context.resolveAndRunStepDefinition (http://localhost:55288/__cypress/tests?p=cypress\\integration\\features\\colorlib.feature:12240:11)\n    at Context.eval (http://localhost:55288/__cypress/tests?p=cypress\\integration\\features\\colorlib.feature:11579:35)",
                "diff": null
              },
              "uuid": "9a2f3409-29ab-43bb-b1be-ef00fc90d505",
              "parentUUID": "b1486ae1-bd1d-42c9-94d6-2f1958a9c7bf",
              "isHook": false,
              "skipped": false
            }
          ],
          "suites": [],
          "passes": [],
          "failures": [
            "9a2f3409-29ab-43bb-b1be-ef00fc90d505"
          ],
          "pending": [],
          "skipped": [],
          "duration": 8033,
          "root": false,
          "rootEmpty": false,
          "_timeout": 2000
        }
      ],
      "passes": [],
      "failures": [],
      "pending": [],
      "skipped": [],
      "duration": 0,
      "root": true,
      "rootEmpty": true,
      "_timeout": 2000
    }
  ],
  "meta": {
    "mocha": {
      "version": "7.0.1"
    },
    "mochawesome": {
      "options": {
        "quiet": false,
        "reportFilename": "mochawesome",
        "saveHtml": false,
        "saveJson": true,
        "consoleReporter": "spec",
        "useInlineDiffs": false,
        "code": true
      },
      "version": "6.1.1"
    },
    "marge": {
      "options": {
        "id": "default",
        "reportDir": "cypress/reports/mocha",
        "quite": true,
        "overwrite": false,
        "html": false,
        "json": true
      },
      "version": "5.1.0"
    }
  }
}